<?xml version="1.0" encoding="UTF-8"?>
<!-- Generated by org.testng.reporters.JUnitXMLReporter -->
<testsuite ignored="0" hostname="Karthick" failures="0" tests="10" name="Surefire test" time="19.184" errors="0" timestamp="2024-09-12T18:15:03 IST">
  <testcase classname="api.test.DDTests" name="testPostUser" time="0.008"/>
  <testcase classname="api.test.DDTests" name="testPostUser" time="0.0"/>
  <testcase classname="api.test.DDTests" name="testPostUser" time="0.002"/>
  <testcase classname="api.test.DDTests" name="testDeleteUserByName" time="5.043"/>
  <testcase classname="api.test.DDTests" name="testDeleteUserByName" time="1.959"/>
  <testcase classname="api.test.DDTests" name="testDeleteUserByName" time="2.235"/>
  <testcase classname="api.test.UserTests" name="testPostUser" time="2.141"/>
  <testcase classname="api.test.UserTests" name="testGetUserByName" time="1.672"/>
  <testcase classname="api.test.UserTests" name="testUpdateUserByName" time="2.658"/>
  <testcase classname="api.test.UserTests" name="testDeleteUserByName" time="1.714"/>
</testsuite> <!-- Surefire test -->
