<?xml version="1.0" encoding="UTF-8"?>
<!-- Generated by org.testng.reporters.JUnitXMLReporter -->
<testsuite ignored="0" hostname="Karthick" failures="0" tests="6" name="Default test" time="7.151" errors="0" timestamp="06 Sept 2024 14:06:04 GMT">
  <testcase classname="api.test.DDTests" name="testPostUser" time="0.032"/>
  <testcase classname="api.test.DDTests" name="testPostUser" time="0.003"/>
  <testcase classname="api.test.DDTests" name="testPostUser" time="0.001"/>
  <testcase classname="api.test.DDTests" name="testDeleteUserByName" time="2.913"/>
  <testcase classname="api.test.DDTests" name="testDeleteUserByName" time="1.179"/>
  <testcase classname="api.test.DDTests" name="testDeleteUserByName" time="1.117"/>
</testsuite> <!-- Default test -->
