<?xml version="1.0" encoding="UTF-8"?>
<!-- Generated by org.testng.reporters.JUnitXMLReporter -->
<testsuite ignored="0" hostname="Karthick" failures="0" tests="6" name="Test" time="9.259" errors="0" timestamp="2024-09-09T14:03:13 IST">
  <testcase classname="api.test.DDTests" name="testPostUser" time="0.041"/>
  <testcase classname="api.test.DDTests" name="testPostUser" time="0.003"/>
  <testcase classname="api.test.DDTests" name="testPostUser" time="0.002"/>
  <testcase classname="api.test.DDTests" name="testDeleteUserByName" time="3.945"/>
  <testcase classname="api.test.DDTests" name="testDeleteUserByName" time="1.591"/>
  <testcase classname="api.test.DDTests" name="testDeleteUserByName" time="1.533"/>
</testsuite> <!-- Test -->
