<?xml version="1.0" encoding="UTF-8"?>
<testng-results ignored="0" total="10" passed="10" failed="0" skipped="0">
  <reporter-output>
  </reporter-output>
  <suite started-at="2024-09-12T18:14:44 IST" name="Surefire suite" finished-at="2024-09-12T18:15:03 IST" duration-ms="19184">
    <groups>
    </groups>
    <test started-at="2024-09-12T18:14:44 IST" name="Surefire test" finished-at="2024-09-12T18:15:03 IST" duration-ms="19184">
      <class name="api.test.UserTests">
        <test-method is-config="true" signature="setUp()[pri:0, instance:api.test.UserTests@794cb805]" started-at="2024-09-12T18:14:55 IST" name="setUp" finished-at="2024-09-12T18:14:55 IST" duration-ms="300" status="PASS">
          <reporter-output>
          </reporter-output>
        </test-method> <!-- setUp -->
        <test-method signature="testPostUser()[pri:1, instance:api.test.UserTests@794cb805]" started-at="2024-09-12T18:14:55 IST" name="testPostUser" finished-at="2024-09-12T18:14:57 IST" duration-ms="2141" status="PASS">
          <reporter-output>
          </reporter-output>
        </test-method> <!-- testPostUser -->
        <test-method signature="testGetUserByName()[pri:2, instance:api.test.UserTests@794cb805]" started-at="2024-09-12T18:14:57 IST" name="testGetUserByName" finished-at="2024-09-12T18:14:59 IST" duration-ms="1672" status="PASS">
          <reporter-output>
          </reporter-output>
        </test-method> <!-- testGetUserByName -->
        <test-method signature="testUpdateUserByName()[pri:3, instance:api.test.UserTests@794cb805]" started-at="2024-09-12T18:14:59 IST" name="testUpdateUserByName" finished-at="2024-09-12T18:15:02 IST" duration-ms="2658" status="PASS">
          <reporter-output>
          </reporter-output>
        </test-method> <!-- testUpdateUserByName -->
        <test-method signature="testDeleteUserByName()[pri:4, instance:api.test.UserTests@794cb805]" started-at="2024-09-12T18:15:02 IST" name="testDeleteUserByName" finished-at="2024-09-12T18:15:03 IST" duration-ms="1714" status="PASS">
          <reporter-output>
          </reporter-output>
        </test-method> <!-- testDeleteUserByName -->
      </class> <!-- api.test.UserTests -->
      <class name="api.test.DDTests">
        <test-method signature="testPostUser(java.lang.String,java.lang.String,java.lang.String,java.lang.String,java.lang.String,java.lang.String,java.lang.String)[pri:1, instance:api.test.DDTests@d706f19]" started-at="2024-09-12T18:14:45 IST" name="testPostUser" data-provider="Data" finished-at="2024-09-12T18:14:45 IST" duration-ms="8" status="PASS">
          <params>
            <param index="0">
              <value>
                <![CDATA[1111]]>
              </value>
            </param>
            <param index="1">
              <value>
                <![CDATA[dorathy.rau]]>
              </value>
            </param>
            <param index="2">
              <value>
                <![CDATA[Betsey]]>
              </value>
            </param>
            <param index="3">
              <value>
                <![CDATA[Glover]]>
              </value>
            </param>
            <param index="4">
              <value>
                <![CDATA[shirley.mosciski@gmail.com]]>
              </value>
            </param>
            <param index="5">
              <value>
                <![CDATA[83414]]>
              </value>
            </param>
            <param index="6">
              <value>
                <![CDATA[1-593-758-5004]]>
              </value>
            </param>
          </params>
          <reporter-output>
          </reporter-output>
        </test-method> <!-- testPostUser -->
        <test-method signature="testPostUser(java.lang.String,java.lang.String,java.lang.String,java.lang.String,java.lang.String,java.lang.String,java.lang.String)[pri:1, instance:api.test.DDTests@d706f19]" started-at="2024-09-12T18:14:45 IST" name="testPostUser" data-provider="Data" finished-at="2024-09-12T18:14:45 IST" duration-ms="0" status="PASS">
          <params>
            <param index="0">
              <value>
                <![CDATA[1112]]>
              </value>
            </param>
            <param index="1">
              <value>
                <![CDATA[jae.harber]]>
              </value>
            </param>
            <param index="2">
              <value>
                <![CDATA[Arnetta]]>
              </value>
            </param>
            <param index="3">
              <value>
                <![CDATA[Gleichner]]>
              </value>
            </param>
            <param index="4">
              <value>
                <![CDATA[jack.pacocha@yahoo.com]]>
              </value>
            </param>
            <param index="5">
              <value>
                <![CDATA[fy86ttnu]]>
              </value>
            </param>
            <param index="6">
              <value>
                <![CDATA[(378) 139-1537]]>
              </value>
            </param>
          </params>
          <reporter-output>
          </reporter-output>
        </test-method> <!-- testPostUser -->
        <test-method signature="testPostUser(java.lang.String,java.lang.String,java.lang.String,java.lang.String,java.lang.String,java.lang.String,java.lang.String)[pri:1, instance:api.test.DDTests@d706f19]" started-at="2024-09-12T18:14:45 IST" name="testPostUser" data-provider="Data" finished-at="2024-09-12T18:14:45 IST" duration-ms="2" status="PASS">
          <params>
            <param index="0">
              <value>
                <![CDATA[1113]]>
              </value>
            </param>
            <param index="1">
              <value>
                <![CDATA[viva.kulas]]>
              </value>
            </param>
            <param index="2">
              <value>
                <![CDATA[Lesley]]>
              </value>
            </param>
            <param index="3">
              <value>
                <![CDATA[Leuschke]]>
              </value>
            </param>
            <param index="4">
              <value>
                <![CDATA[adan.kutch@yahoo.com]]>
              </value>
            </param>
            <param index="5">
              <value>
                <![CDATA[pzgzbdr7w]]>
              </value>
            </param>
            <param index="6">
              <value>
                <![CDATA[666.869.8015]]>
              </value>
            </param>
          </params>
          <reporter-output>
          </reporter-output>
        </test-method> <!-- testPostUser -->
        <test-method signature="testDeleteUserByName(java.lang.String)[pri:2, instance:api.test.DDTests@d706f19]" started-at="2024-09-12T18:14:46 IST" name="testDeleteUserByName" data-provider="UserNames" finished-at="2024-09-12T18:14:51 IST" duration-ms="5043" status="PASS">
          <params>
            <param index="0">
              <value>
                <![CDATA[dorathy.rau]]>
              </value>
            </param>
          </params>
          <reporter-output>
          </reporter-output>
        </test-method> <!-- testDeleteUserByName -->
        <test-method signature="testDeleteUserByName(java.lang.String)[pri:2, instance:api.test.DDTests@d706f19]" started-at="2024-09-12T18:14:51 IST" name="testDeleteUserByName" data-provider="UserNames" finished-at="2024-09-12T18:14:53 IST" duration-ms="1959" status="PASS">
          <params>
            <param index="0">
              <value>
                <![CDATA[jae.harber]]>
              </value>
            </param>
          </params>
          <reporter-output>
          </reporter-output>
        </test-method> <!-- testDeleteUserByName -->
        <test-method signature="testDeleteUserByName(java.lang.String)[pri:2, instance:api.test.DDTests@d706f19]" started-at="2024-09-12T18:14:53 IST" name="testDeleteUserByName" data-provider="UserNames" finished-at="2024-09-12T18:14:55 IST" duration-ms="2235" status="PASS">
          <params>
            <param index="0">
              <value>
                <![CDATA[viva.kulas]]>
              </value>
            </param>
          </params>
          <reporter-output>
          </reporter-output>
        </test-method> <!-- testDeleteUserByName -->
      </class> <!-- api.test.DDTests -->
    </test> <!-- Surefire test -->
  </suite> <!-- Surefire suite -->
</testng-results>
