<?xml version="1.0" encoding="UTF-8"?>
<testng-results ignored="0" total="6" passed="6" failed="0" skipped="0">
  <reporter-output>
  </reporter-output>
  <suite started-at="2024-09-09T14:03:04 IST" name="Suite" finished-at="2024-09-09T14:03:13 IST" duration-ms="9259">
    <groups>
    </groups>
    <test started-at="2024-09-09T14:03:04 IST" name="Test" finished-at="2024-09-09T14:03:13 IST" duration-ms="9259">
      <class name="api.test.DDTests">
        <test-method signature="testPostUser(java.lang.String,java.lang.String,java.lang.String,java.lang.String,java.lang.String,java.lang.String,java.lang.String)[pri:1, instance:api.test.DDTests@4d5650ae]" started-at="2024-09-09T14:03:06 IST" name="testPostUser" data-provider="Data" finished-at="2024-09-09T14:03:06 IST" duration-ms="41" status="PASS">
          <params>
            <param index="0">
              <value>
                <![CDATA[1111]]>
              </value>
            </param>
            <param index="1">
              <value>
                <![CDATA[dorathy.rau]]>
              </value>
            </param>
            <param index="2">
              <value>
                <![CDATA[Betsey]]>
              </value>
            </param>
            <param index="3">
              <value>
                <![CDATA[Glover]]>
              </value>
            </param>
            <param index="4">
              <value>
                <![CDATA[shirley.mosciski@gmail.com]]>
              </value>
            </param>
            <param index="5">
              <value>
                <![CDATA[83414]]>
              </value>
            </param>
            <param index="6">
              <value>
                <![CDATA[1-593-758-5004]]>
              </value>
            </param>
          </params>
          <reporter-output>
          </reporter-output>
        </test-method> <!-- testPostUser -->
        <test-method signature="testPostUser(java.lang.String,java.lang.String,java.lang.String,java.lang.String,java.lang.String,java.lang.String,java.lang.String)[pri:1, instance:api.test.DDTests@4d5650ae]" started-at="2024-09-09T14:03:06 IST" name="testPostUser" data-provider="Data" finished-at="2024-09-09T14:03:06 IST" duration-ms="3" status="PASS">
          <params>
            <param index="0">
              <value>
                <![CDATA[1112]]>
              </value>
            </param>
            <param index="1">
              <value>
                <![CDATA[jae.harber]]>
              </value>
            </param>
            <param index="2">
              <value>
                <![CDATA[Arnetta]]>
              </value>
            </param>
            <param index="3">
              <value>
                <![CDATA[Gleichner]]>
              </value>
            </param>
            <param index="4">
              <value>
                <![CDATA[jack.pacocha@yahoo.com]]>
              </value>
            </param>
            <param index="5">
              <value>
                <![CDATA[fy86ttnu]]>
              </value>
            </param>
            <param index="6">
              <value>
                <![CDATA[(378) 139-1537]]>
              </value>
            </param>
          </params>
          <reporter-output>
          </reporter-output>
        </test-method> <!-- testPostUser -->
        <test-method signature="testPostUser(java.lang.String,java.lang.String,java.lang.String,java.lang.String,java.lang.String,java.lang.String,java.lang.String)[pri:1, instance:api.test.DDTests@4d5650ae]" started-at="2024-09-09T14:03:06 IST" name="testPostUser" data-provider="Data" finished-at="2024-09-09T14:03:06 IST" duration-ms="2" status="PASS">
          <params>
            <param index="0">
              <value>
                <![CDATA[1113]]>
              </value>
            </param>
            <param index="1">
              <value>
                <![CDATA[viva.kulas]]>
              </value>
            </param>
            <param index="2">
              <value>
                <![CDATA[Lesley]]>
              </value>
            </param>
            <param index="3">
              <value>
                <![CDATA[Leuschke]]>
              </value>
            </param>
            <param index="4">
              <value>
                <![CDATA[adan.kutch@yahoo.com]]>
              </value>
            </param>
            <param index="5">
              <value>
                <![CDATA[pzgzbdr7w]]>
              </value>
            </param>
            <param index="6">
              <value>
                <![CDATA[666.869.8015]]>
              </value>
            </param>
          </params>
          <reporter-output>
          </reporter-output>
        </test-method> <!-- testPostUser -->
        <test-method signature="testDeleteUserByName(java.lang.String)[pri:2, instance:api.test.DDTests@4d5650ae]" started-at="2024-09-09T14:03:06 IST" name="testDeleteUserByName" data-provider="UserNames" finished-at="2024-09-09T14:03:10 IST" duration-ms="3945" status="PASS">
          <params>
            <param index="0">
              <value>
                <![CDATA[dorathy.rau]]>
              </value>
            </param>
          </params>
          <reporter-output>
          </reporter-output>
        </test-method> <!-- testDeleteUserByName -->
        <test-method signature="testDeleteUserByName(java.lang.String)[pri:2, instance:api.test.DDTests@4d5650ae]" started-at="2024-09-09T14:03:10 IST" name="testDeleteUserByName" data-provider="UserNames" finished-at="2024-09-09T14:03:12 IST" duration-ms="1591" status="PASS">
          <params>
            <param index="0">
              <value>
                <![CDATA[jae.harber]]>
              </value>
            </param>
          </params>
          <reporter-output>
          </reporter-output>
        </test-method> <!-- testDeleteUserByName -->
        <test-method signature="testDeleteUserByName(java.lang.String)[pri:2, instance:api.test.DDTests@4d5650ae]" started-at="2024-09-09T14:03:12 IST" name="testDeleteUserByName" data-provider="UserNames" finished-at="2024-09-09T14:03:13 IST" duration-ms="1533" status="PASS">
          <params>
            <param index="0">
              <value>
                <![CDATA[viva.kulas]]>
              </value>
            </param>
          </params>
          <reporter-output>
          </reporter-output>
        </test-method> <!-- testDeleteUserByName -->
      </class> <!-- api.test.DDTests -->
    </test> <!-- Test -->
  </suite> <!-- Suite -->
</testng-results>
